0 info it worked if it ends with ok
1 verbose cli [ 'node', '/usr/local/bin/npm', 'publish' ]
2 info using npm@1.3.24
3 info using node@v0.10.25
4 verbose publish [ '.' ]
5 verbose cache add [ '.', null ]
6 verbose cache add name=undefined spec="." args=[".",null]
7 verbose parsed url { protocol: null,
7 verbose parsed url   slashes: null,
7 verbose parsed url   auth: null,
7 verbose parsed url   host: null,
7 verbose parsed url   port: null,
7 verbose parsed url   hostname: null,
7 verbose parsed url   hash: null,
7 verbose parsed url   search: null,
7 verbose parsed url   query: null,
7 verbose parsed url   pathname: '.',
7 verbose parsed url   path: '.',
7 verbose parsed url   href: '.' }
8 silly lockFile 3a52ce78- .
9 verbose lock . /Users/matteszklarz/.npm/3a52ce78-.lock
10 verbose tar pack [ '/var/folders/m_/mv05qbcs1p98xsgwnzk0qxvr00018t/T/npm-929-lDwdFKrR/1408374332808-0.8508210021536797/tmp.tgz',
10 verbose tar pack   '.' ]
11 verbose tarball /var/folders/m_/mv05qbcs1p98xsgwnzk0qxvr00018t/T/npm-929-lDwdFKrR/1408374332808-0.8508210021536797/tmp.tgz
12 verbose folder .
13 info prepublish grunt-createjs-manifests@0.0.3
14 silly lockFile 1f1177db-tar tar://.
15 verbose lock tar://. /Users/matteszklarz/.npm/1f1177db-tar.lock
16 silly lockFile a3ae5580-32808-0-8508210021536797-tmp-tgz tar:///var/folders/m_/mv05qbcs1p98xsgwnzk0qxvr00018t/T/npm-929-lDwdFKrR/1408374332808-0.8508210021536797/tmp.tgz
17 verbose lock tar:///var/folders/m_/mv05qbcs1p98xsgwnzk0qxvr00018t/T/npm-929-lDwdFKrR/1408374332808-0.8508210021536797/tmp.tgz /Users/matteszklarz/.npm/a3ae5580-32808-0-8508210021536797-tmp-tgz.lock
18 silly lockFile 1f1177db-tar tar://.
19 silly lockFile 1f1177db-tar tar://.
20 silly lockFile a3ae5580-32808-0-8508210021536797-tmp-tgz tar:///var/folders/m_/mv05qbcs1p98xsgwnzk0qxvr00018t/T/npm-929-lDwdFKrR/1408374332808-0.8508210021536797/tmp.tgz
21 silly lockFile a3ae5580-32808-0-8508210021536797-tmp-tgz tar:///var/folders/m_/mv05qbcs1p98xsgwnzk0qxvr00018t/T/npm-929-lDwdFKrR/1408374332808-0.8508210021536797/tmp.tgz
22 verbose tar unpack /var/folders/m_/mv05qbcs1p98xsgwnzk0qxvr00018t/T/npm-929-lDwdFKrR/1408374332808-0.8508210021536797/tmp.tgz
23 silly lockFile 7af4ec94-32808-0-8508210021536797-package tar:///var/folders/m_/mv05qbcs1p98xsgwnzk0qxvr00018t/T/npm-929-lDwdFKrR/1408374332808-0.8508210021536797/package
24 verbose lock tar:///var/folders/m_/mv05qbcs1p98xsgwnzk0qxvr00018t/T/npm-929-lDwdFKrR/1408374332808-0.8508210021536797/package /Users/matteszklarz/.npm/7af4ec94-32808-0-8508210021536797-package.lock
25 silly lockFile a3ae5580-32808-0-8508210021536797-tmp-tgz tar:///var/folders/m_/mv05qbcs1p98xsgwnzk0qxvr00018t/T/npm-929-lDwdFKrR/1408374332808-0.8508210021536797/tmp.tgz
26 verbose lock tar:///var/folders/m_/mv05qbcs1p98xsgwnzk0qxvr00018t/T/npm-929-lDwdFKrR/1408374332808-0.8508210021536797/tmp.tgz /Users/matteszklarz/.npm/a3ae5580-32808-0-8508210021536797-tmp-tgz.lock
27 silly gunzTarPerm modes [ '755', '644' ]
28 silly gunzTarPerm extractEntry package.json
29 silly gunzTarPerm extractEntry .npmignore
30 silly gunzTarPerm extractEntry README.md
31 silly gunzTarPerm extractEntry LICENSE
32 silly gunzTarPerm extractEntry tasks/grunt-createjs-manifests.js
33 silly lockFile 7af4ec94-32808-0-8508210021536797-package tar:///var/folders/m_/mv05qbcs1p98xsgwnzk0qxvr00018t/T/npm-929-lDwdFKrR/1408374332808-0.8508210021536797/package
34 silly lockFile 7af4ec94-32808-0-8508210021536797-package tar:///var/folders/m_/mv05qbcs1p98xsgwnzk0qxvr00018t/T/npm-929-lDwdFKrR/1408374332808-0.8508210021536797/package
35 silly lockFile a3ae5580-32808-0-8508210021536797-tmp-tgz tar:///var/folders/m_/mv05qbcs1p98xsgwnzk0qxvr00018t/T/npm-929-lDwdFKrR/1408374332808-0.8508210021536797/tmp.tgz
36 silly lockFile a3ae5580-32808-0-8508210021536797-tmp-tgz tar:///var/folders/m_/mv05qbcs1p98xsgwnzk0qxvr00018t/T/npm-929-lDwdFKrR/1408374332808-0.8508210021536797/tmp.tgz
37 verbose tar pack [ '/Users/matteszklarz/.npm/grunt-createjs-manifests/0.0.3/package.tgz',
37 verbose tar pack   '/var/folders/m_/mv05qbcs1p98xsgwnzk0qxvr00018t/T/npm-929-lDwdFKrR/1408374332808-0.8508210021536797/package' ]
38 verbose tarball /Users/matteszklarz/.npm/grunt-createjs-manifests/0.0.3/package.tgz
39 verbose folder /var/folders/m_/mv05qbcs1p98xsgwnzk0qxvr00018t/T/npm-929-lDwdFKrR/1408374332808-0.8508210021536797/package
40 silly lockFile 7af4ec94-32808-0-8508210021536797-package tar:///var/folders/m_/mv05qbcs1p98xsgwnzk0qxvr00018t/T/npm-929-lDwdFKrR/1408374332808-0.8508210021536797/package
41 verbose lock tar:///var/folders/m_/mv05qbcs1p98xsgwnzk0qxvr00018t/T/npm-929-lDwdFKrR/1408374332808-0.8508210021536797/package /Users/matteszklarz/.npm/7af4ec94-32808-0-8508210021536797-package.lock
42 silly lockFile d0f050ca-tejs-manifests-0-0-3-package-tgz tar:///Users/matteszklarz/.npm/grunt-createjs-manifests/0.0.3/package.tgz
43 verbose lock tar:///Users/matteszklarz/.npm/grunt-createjs-manifests/0.0.3/package.tgz /Users/matteszklarz/.npm/d0f050ca-tejs-manifests-0-0-3-package-tgz.lock
44 silly lockFile 7af4ec94-32808-0-8508210021536797-package tar:///var/folders/m_/mv05qbcs1p98xsgwnzk0qxvr00018t/T/npm-929-lDwdFKrR/1408374332808-0.8508210021536797/package
45 silly lockFile 7af4ec94-32808-0-8508210021536797-package tar:///var/folders/m_/mv05qbcs1p98xsgwnzk0qxvr00018t/T/npm-929-lDwdFKrR/1408374332808-0.8508210021536797/package
46 silly lockFile d0f050ca-tejs-manifests-0-0-3-package-tgz tar:///Users/matteszklarz/.npm/grunt-createjs-manifests/0.0.3/package.tgz
47 silly lockFile d0f050ca-tejs-manifests-0-0-3-package-tgz tar:///Users/matteszklarz/.npm/grunt-createjs-manifests/0.0.3/package.tgz
48 silly lockFile f9592caa-createjs-manifests-0-0-3-package /Users/matteszklarz/.npm/grunt-createjs-manifests/0.0.3/package
49 verbose lock /Users/matteszklarz/.npm/grunt-createjs-manifests/0.0.3/package /Users/matteszklarz/.npm/f9592caa-createjs-manifests-0-0-3-package.lock
50 silly lockFile f9592caa-createjs-manifests-0-0-3-package /Users/matteszklarz/.npm/grunt-createjs-manifests/0.0.3/package
51 silly lockFile f9592caa-createjs-manifests-0-0-3-package /Users/matteszklarz/.npm/grunt-createjs-manifests/0.0.3/package
52 verbose tar unpack /Users/matteszklarz/.npm/grunt-createjs-manifests/0.0.3/package.tgz
53 silly lockFile 920b622f-createjs-manifests-0-0-3-package tar:///Users/matteszklarz/.npm/grunt-createjs-manifests/0.0.3/package
54 verbose lock tar:///Users/matteszklarz/.npm/grunt-createjs-manifests/0.0.3/package /Users/matteszklarz/.npm/920b622f-createjs-manifests-0-0-3-package.lock
55 silly lockFile d0f050ca-tejs-manifests-0-0-3-package-tgz tar:///Users/matteszklarz/.npm/grunt-createjs-manifests/0.0.3/package.tgz
56 verbose lock tar:///Users/matteszklarz/.npm/grunt-createjs-manifests/0.0.3/package.tgz /Users/matteszklarz/.npm/d0f050ca-tejs-manifests-0-0-3-package-tgz.lock
57 silly gunzTarPerm modes [ '755', '644' ]
58 silly gunzTarPerm extractEntry package.json
59 silly gunzTarPerm extractEntry .npmignore
60 silly gunzTarPerm extractEntry README.md
61 silly gunzTarPerm extractEntry LICENSE
62 silly gunzTarPerm extractEntry tasks/grunt-createjs-manifests.js
63 silly lockFile 920b622f-createjs-manifests-0-0-3-package tar:///Users/matteszklarz/.npm/grunt-createjs-manifests/0.0.3/package
64 silly lockFile 920b622f-createjs-manifests-0-0-3-package tar:///Users/matteszklarz/.npm/grunt-createjs-manifests/0.0.3/package
65 silly lockFile d0f050ca-tejs-manifests-0-0-3-package-tgz tar:///Users/matteszklarz/.npm/grunt-createjs-manifests/0.0.3/package.tgz
66 silly lockFile d0f050ca-tejs-manifests-0-0-3-package-tgz tar:///Users/matteszklarz/.npm/grunt-createjs-manifests/0.0.3/package.tgz
67 verbose chmod /Users/matteszklarz/.npm/grunt-createjs-manifests/0.0.3/package.tgz 644
68 verbose chown /Users/matteszklarz/.npm/grunt-createjs-manifests/0.0.3/package.tgz [ 1306, 20 ]
69 silly lockFile 3a52ce78- .
70 silly lockFile 3a52ce78- .
71 silly publish { name: 'grunt-createjs-manifests',
71 silly publish   version: '0.0.3',
71 silly publish   description: 'Grunt plugin to combine the manifests of multiple CreateJS exported files.',
71 silly publish   main: './tasks/grunt-createjs-manifests.js',
71 silly publish   author: { name: 'Matt Karl', email: 'matt@cloudkid.com' },
71 silly publish   license: 'MIT',
71 silly publish   repository:
71 silly publish    { type: 'git',
71 silly publish      url: 'https://github.com/CloudKidStudio/grunt-createjs-manifests' },
71 silly publish   dependencies: { glob: '~4.0.5' },
71 silly publish   readmeFilename: 'README.md',
71 silly publish   bugs: { url: 'https://github.com/CloudKidStudio/grunt-createjs-manifests/issues' },
71 silly publish   homepage: 'https://github.com/CloudKidStudio/grunt-createjs-manifests',
71 silly publish   readme: '# grunt-createjs-manifests\n\nGrunt plugin to combine the manifests from multiple CreateJS exported files and output to a JSON file.\n\n## Install\n\n```shell\nnpm install grunt-createjs-manifests\n```\n\n## Usage \n\n```js\ngrunt.initConfig({\n\tmanifests: {\n\t\tall: {\n\t\t\toutput: "manifests.json",\n\t\t\tfiles: "src/assets/*.js",\n\t\t\tremove: "../../deploy/"\n\t\t}\n\t}\n});\n```\n\n## Properties\n\nProperty | Type | Description | Default\n---|---|---|---\n**output** | _string_ | The output JSON file | null\n**files** | _string,array_ | The list of files or single file, also accepts * wildcard | null\n**remove** (optional) | _string_ | The string to remove from each manifest file path | ""\n**insert** (optional) | _string_ | The string to prepend to each manifest file path | ""\n**cwd** (optional) | _string_ | The current working directory | "./" \n',
71 silly publish   _id: 'grunt-createjs-manifests@0.0.3',
71 silly publish   dist: { shasum: '7368359001e96c4297d3a2059d746b5cabd96067' },
71 silly publish   _from: '.' }
72 verbose url raw grunt-createjs-manifests
73 verbose url resolving [ 'https://registry.npmjs.org/', './grunt-createjs-manifests' ]
74 verbose url resolved https://registry.npmjs.org/grunt-createjs-manifests
75 info trying registry request attempt 1 at 11:05:32
76 http PUT https://registry.npmjs.org/grunt-createjs-manifests
77 http 403 https://registry.npmjs.org/grunt-createjs-manifests
78 info trying registry request attempt 1 at 11:05:34
79 http PUT https://registry.npmjs.org/grunt-createjs-manifests
80 http 403 https://registry.npmjs.org/grunt-createjs-manifests
81 error publish Failed PUT 403
82 error Error: forbidden user: matteszk not authorized to modify grunt-createjs-manifests
82 error Changed: dist-tags.latest "0.0.2" -> "0.0.3"
82 error Added: versions.0.0.3
82 error Changed: readme "# grunt-createjs-manifests\u000a\u000aGrunt plugin to combine the manifests from multiple CreateJS exported files and output to a JSON file.\u000a\u000a## Install\u000a\u000a```shell\u000anpm install CloudKidStudio/grunt-createjs-manifests\u000a```\u000a\u000a## Usage \u000a\u000a```js\u000agrunt.initConfig({\u000a\u0009manifests: {\u000a\u0009\u0009all: {\u000a\u0009\u0009\u0009output: \"manifests.json\",\u000a\u0009\u0009\u0009files: \"src/assets/*.js\",\u000a\u0009\u0009\u0009remove: \"../../deploy/\"\u000a\u0009\u0009}\u000a\u0009}\u000a});\u000a```\u000a\u000a## Properties\u000a\u000aProperty | Type | Description | Default\u000a---|---|---|---\u000a**output** | _string_ | The output JSON file | null\u000a**files** | _string,array_ | The list of files or single file, also accepts * wildcard | null\u000a**remove** (optional) | _string_ | The string to remove from each manifest file path | \"\"\u000a**insert** (optional) | _string_ | The string to prepend to each manifest file path | \"\"\u000a**cwd** (optional) | _string_ | The current working directory | \"./\" \u000a" -> "# grunt-createjs-manifests\u000a\u000aGrunt plugin to combine the manifests from multiple CreateJS exported files and output to a JSON file.\u000a\u000a## Install\u000a\u000a```shell\u000anpm install grunt-createjs-manifests\u000a```\u000a\u000a## Usage \u000a\u000a```js\u000agrunt.initConfig({\u000a\u0009manifests: {\u000a\u0009\u0009all: {\u000a\u0009\u0009\u0009output: \"manifests.json\",\u000a\u0009\u0009\u0009files: \"src/assets/*.js\",\u000a\u0009\u0009\u0009remove: \"../../deploy/\"\u000a\u0009\u0009}\u000a\u0009}\u000a});\u000a```\u000a\u000a## Properties\u000a\u000aProperty | Type | Description | Default\u000a---|---|---|---\u000a**output** | _string_ | The output JSON file | null\u000a**files** | _string,array_ | The list of files or single file, also accepts * wildcard | null\u000a**remove** (optional) | _string_ | The string to remove from each manifest file path | \"\"\u000a**insert** (optional) | _string_ | The string to prepend to each manifest file path | \"\"\u000a**cwd** (optional) | _string_ | The current working directory | \"./\" \u000a"
82 error Changed: time.modified "2014-08-01T18:11:26.936Z" -> "2014-08-18T15:04:09.453Z"
82 error Added: time.0.0.3
82 error Added: _attachments: grunt-createjs-manifests
82 error     at RegClient.<anonymous> (/usr/local/lib/node_modules/npm/node_modules/npm-registry-client/lib/request.js:275:14)
82 error     at Request.self.callback (/usr/local/lib/node_modules/npm/node_modules/request/request.js:123:22)
82 error     at Request.EventEmitter.emit (events.js:98:17)
82 error     at Request.<anonymous> (/usr/local/lib/node_modules/npm/node_modules/request/request.js:893:14)
82 error     at Request.EventEmitter.emit (events.js:117:20)
82 error     at IncomingMessage.<anonymous> (/usr/local/lib/node_modules/npm/node_modules/request/request.js:844:12)
82 error     at IncomingMessage.EventEmitter.emit (events.js:117:20)
82 error     at _stream_readable.js:920:16
82 error     at process._tickCallback (node.js:415:13)
83 error If you need help, you may report this *entire* log,
83 error including the npm and node versions, at:
83 error     <http://github.com/isaacs/npm/issues>
84 error System Darwin 13.3.0
85 error command "node" "/usr/local/bin/npm" "publish"
86 error cwd /Users/matteszklarz/Sites/GitProjects/grunt-createjs-manifests
87 error node -v v0.10.25
88 error npm -v 1.3.24
89 verbose exit [ 1, true ]
